<?xml version="1.0" encoding="UTF-8"?>
<testsuite xmlns:xsi="http://www.w3.org/2001/XMLSchema-instance" xsi:noNamespaceSchemaLocation="https://maven.apache.org/surefire/maven-surefire-plugin/xsd/surefire-test-report-3.0.xsd" version="3.0" name="runners.RunnerClass" time="47.406" tests="1" errors="0" skipped="0" failures="0">
  <properties>
[...]
</properties>
  <testcase name="Successfully navigating through the welcome sequence with user-defined league and team selections" classname="Welcome Sequence Navigation with Customizable League and Team Selections" time="46.665">
    <system-out><![CDATA[
@welcome
Scenario Outline: Successfully navigating through the welcome sequence with user-defined league and team selections &amp#27;[90m# src/test/resources/features/Welcome.feature:36&amp#27;[0m
App Launched
  &amp#27;[32mGiven &amp#27;[0m&amp#27;[32mthe theScore app is launched first time&amp#27;[0m                                                                     &amp#27;[90m# steps.WelcomeSteps.the_app_is_launched()&amp#27;[0m
  &amp#27;[32mThen &amp#27;[0m&amp#27;[32mthe welcome page is displayed&amp#27;[0m                                                                                &amp#27;[90m# steps.WelcomeSteps.the_welcome_page_is_displayed()&amp#27;[0m
  &amp#27;[32mWhen &amp#27;[0m&amp#27;[32mI click on the &amp#27;[0m&amp#27;[32m&amp#27;[1m"Get Started"&amp#27;[0m&amp#27;[32m button&amp#27;[0m                                                                          &amp#27;[90m# steps.WelcomeSteps.i_click_on_the_button(java.lang.String)&amp#27;[0m
Location popup was not displayed or an error occurred: Can't locate an element by this strategy: By.chained({By.id: img_location})
  &amp#27;[32mThen &amp#27;[0m&amp#27;[32mthe &amp#27;[0m&amp#27;[32m&amp#27;[1m"Choose your favorite leagues"&amp#27;[0m&amp#27;[32m page is displayed&amp#27;[0m                                                         &amp#27;[90m# steps.WelcomeSteps.the_page_is_displayed(java.lang.String)&amp#27;[0m
  &amp#27;[32mWhen &amp#27;[0m&amp#27;[32mI select the following leagues&amp#27;[0m                                                                               &amp#27;[90m# steps.WelcomeSteps.i_select_the_following_leagues(io.cucumber.datatable.DataTable)&amp#27;[0m
    | League         |
    | NHL Hockey     |
    | NFL Football   |
    | NBA Basketball |
  &amp#27;[32mAnd &amp#27;[0m&amp#27;[32mI press the &amp#27;[0m&amp#27;[32m&amp#27;[1m"Continue"&amp#27;[0m&amp#27;[32m button&amp#27;[0m                                                                                 &amp#27;[90m# steps.WelcomeSteps.i_press_the_button(java.lang.String)&amp#27;[0m
Clicked 'Maybe Later' on location popup
  &amp#27;[32mThen &amp#27;[0m&amp#27;[32mthe &amp#27;[0m&amp#27;[32m&amp#27;[1m"Choose your favorite teams"&amp#27;[0m&amp#27;[32m page is displayed&amp#27;[0m                                                           &amp#27;[90m# steps.WelcomeSteps.the_page_is_displayed(java.lang.String)&amp#27;[0m
Element with name 'Toronto Blue Jays' not found or not clickable
  &amp#27;[32mWhen &amp#27;[0m&amp#27;[32mI select teams as follows&amp#27;[0m                                                                                    &amp#27;[90m# steps.WelcomeSteps.i_select_teams_as_follows(io.cucumber.datatable.DataTable)&amp#27;[0m
    | League         | Team                |
    | NHL Hockey     | Toronto Maple Leafs |
    | NFL Football   | Toronto Raptors     |
    | NBA Basketball | Toronto Blue Jays   |
  &amp#27;[32mAnd &amp#27;[0m&amp#27;[32mI press the &amp#27;[0m&amp#27;[32m&amp#27;[1m"Continue"&amp#27;[0m&amp#27;[32m another button&amp#27;[0m                                                                         &amp#27;[90m# steps.WelcomeSteps.i_press_the_another_button(java.lang.String)&amp#27;[0m
Location popup was not displayed or an error occurred: Can't locate an element by this strategy: By.chained({By.id: img_location})
  &amp#27;[32mThen &amp#27;[0m&amp#27;[32mthe &amp#27;[0m&amp#27;[32m&amp#27;[1m"Never miss a game"&amp#27;[0m&amp#27;[32m page is displayed&amp#27;[0m                                                                    &amp#27;[90m# steps.WelcomeSteps.the_page_is_displayed(java.lang.String)&amp#27;[0m
  &amp#27;[32mWhen &amp#27;[0m&amp#27;[32mI press &amp#27;[0m&amp#27;[32m&amp#27;[1m"Done"&amp#27;[0m                                                                                               &amp#27;[90m# steps.WelcomeSteps.i_press(java.lang.String)&amp#27;[0m
  &amp#27;[32mThen &amp#27;[0m&amp#27;[32ma pop-up is displayed&amp#27;[0m                                                                                        &amp#27;[90m# steps.WelcomeSteps.a_pop_up_is_displayed()&amp#27;[0m
  &amp#27;[32mWhen &amp#27;[0m&amp#27;[32mI close the pop-up&amp#27;[0m                                                                                           &amp#27;[90m# steps.WelcomeSteps.i_close_the_pop_up()&amp#27;[0m
  &amp#27;[32mThen &amp#27;[0m&amp#27;[32mthe main dashboard is displayed&amp#27;[0m                                                                              &amp#27;[90m# steps.WelcomeSteps.the_main_dashboard_is_displayed()&amp#27;[0m
]]></system-out>
    <system-err><![CDATA[Dec. 20, 2023 5:53:52 P.M. io.appium.java_client.remote.AppiumCommandExecutor$1 lambda$0
INFO: Detected dialect: W3C
]]></system-err>
  </testcase>
</testsuite>