<?xml version="1.0" encoding="UTF-8"?>
<testsuite xmlns:xsi="http://www.w3.org/2001/XMLSchema-instance" xsi:noNamespaceSchemaLocation="https://maven.apache.org/surefire/maven-surefire-plugin/xsd/surefire-test-report-3.0.xsd" version="3.0" name="runners.RunnerClass" time="182.402" tests="6" errors="0" skipped="0" failures="2">
  <properties>
[...]
</properties>
  <testcase name="Navigate and verify league pages, interact with sub-tabs, and perform specific actions #1" classname="Enhanced Navigation and Verification of League Pages and Sub-Tabs" time="19.232">
    <failure type="java.lang.AssertionError"><![CDATA[java.lang.AssertionError
	at org.junit.Assert.fail(Assert.java:87)
	at org.junit.Assert.assertTrue(Assert.java:42)
	at org.junit.Assert.assertTrue(Assert.java:53)
	at steps.LeaguesSteps.the_page_is_displayed_correctly(LeaguesSteps.java:45)
	at ✽.the "NBA" page is displayed correctly(file:///C:/Users/alexe/IdeaProjects/theScore/src/test/resources/features/Leagues.feature:9)
]]></failure>
    <system-out><![CDATA[
@leagues
Scenario Outline: Navigate and verify league pages, interact with sub-tabs, and perform specific actions &amp#27;[90m# src/test/resources/features/Leagues.feature:26&amp#27;[0m
App Launched
  &amp#27;[32mGiven &amp#27;[0m&amp#27;[32mI navigate to the &amp#27;[0m&amp#27;[32m&amp#27;[1m"Leagues"&amp#27;[0m&amp#27;[32m page&amp#27;[0m                                                                 &amp#27;[90m# steps.LeaguesSteps.i_navigate_to_the_page(java.lang.String)&amp#27;[0m
Opened the Profile page
Switch was on. It has been turned off
Switched off the Bet Mode
  &amp#27;[32mWhen &amp#27;[0m&amp#27;[32mI check for the Spotlight Betting News&amp#27;[0m                                                            &amp#27;[90m# steps.LeaguesSteps.i_check_for_the_spotlight_betting_news()&amp#27;[0m
  &amp#27;[32mAnd &amp#27;[0m&amp#27;[32mI navigate to the &amp#27;[0m&amp#27;[32m&amp#27;[1m"NBA"&amp#27;[0m&amp#27;[32m new page&amp#27;[0m                                                                   &amp#27;[90m# steps.LeaguesSteps.i_navigate_to_the_new_page(java.lang.String)&amp#27;[0m
  &amp#27;[31mThen &amp#27;[0m&amp#27;[31mthe &amp#27;[0m&amp#27;[31m&amp#27;[1m"NBA"&amp#27;[0m&amp#27;[31m page is displayed correctly&amp#27;[0m                                                             &amp#27;[90m# steps.LeaguesSteps.the_page_is_displayed_correctly(java.lang.String)&amp#27;[0m
      &amp#27;[31mjava.lang.AssertionError
	at org.junit.Assert.fail(Assert.java:87)
	at org.junit.Assert.assertTrue(Assert.java:42)
	at org.junit.Assert.assertTrue(Assert.java:53)
	at steps.LeaguesSteps.the_page_is_displayed_correctly(LeaguesSteps.java:45)
	at âœ½.the "NBA" page is displayed correctly(file:///C:/Users/alexe/IdeaProjects/theScore/src/test/resources/features/Leagues.feature:9)
&amp#27;[0m
  &amp#27;[36mWhen &amp#27;[0m&amp#27;[36mI tap on the &amp#27;[0m&amp#27;[36m&amp#27;[1m"SCORES"&amp#27;[0m&amp#27;[36m sub-tab for &amp#27;[0m&amp#27;[36m&amp#27;[1m"NBA"&amp#27;[0m                                                           &amp#27;[90m# steps.LeaguesSteps.i_tap_on_the_sub_tab_for(java.lang.String,java.lang.String)&amp#27;[0m
  &amp#27;[36mThen &amp#27;[0m&amp#27;[36mthe &amp#27;[0m&amp#27;[36m&amp#27;[1m"SCORES"&amp#27;[0m&amp#27;[36m sub-tab is displayed correctly with the relevant &amp#27;[0m&amp#27;[36m&amp#27;[1m"NBA"&amp#27;[0m&amp#27;[36m title&amp#27;[0m                         &amp#27;[90m# steps.LeaguesSteps.the_sub_tab_is_displayed_correctly_with_the_relevant_data(java.lang.String,java.lang.String)&amp#27;[0m
  &amp#27;[36mWhen &amp#27;[0m&amp#27;[36mI select the container element in &amp#27;[0m&amp#27;[36m&amp#27;[1m"SCORES"&amp#27;[0m                                                        &amp#27;[90m# steps.LeaguesSteps.i_select_the_container_element_in(java.lang.String)&amp#27;[0m
  &amp#27;[36mAnd &amp#27;[0m&amp#27;[36mI navigate to the &amp#27;[0m&amp#27;[36m&amp#27;[1m"STATS"&amp#27;[0m&amp#27;[36m tab&amp#27;[0m                                                                      &amp#27;[90m# steps.LeaguesSteps.i_navigate_to_the_tab(java.lang.String)&amp#27;[0m
  &amp#27;[36mThen &amp#27;[0m&amp#27;[36mthe &amp#27;[0m&amp#27;[36m&amp#27;[1m"STATS"&amp#27;[0m&amp#27;[36m tab is displayed correctly&amp#27;[0m                                                            &amp#27;[90m# steps.LeaguesSteps.the_tab_is_displayed_correctly(java.lang.String)&amp#27;[0m
  &amp#27;[36mWhen &amp#27;[0m&amp#27;[36mI initiate back navigation&amp#27;[0m                                                                        &amp#27;[90m# steps.LeaguesSteps.i_initiate_back_navigation()&amp#27;[0m
  &amp#27;[36mThen &amp#27;[0m&amp#27;[36mI am returned to the &amp#27;[0m&amp#27;[36m&amp#27;[1m"SCORES"&amp#27;[0m&amp#27;[36m sub-tab&amp#27;[0m                                                             &amp#27;[90m# steps.LeaguesSteps.i_am_returned_to_the_sub_tab(java.lang.String)&amp#27;[0m
  &amp#27;[36mWhen &amp#27;[0m&amp#27;[36mI initiate back navigation again&amp#27;[0m                                                                  &amp#27;[90m# steps.LeaguesSteps.i_initiate_back_navigation_again()&amp#27;[0m
  &amp#27;[36mThen &amp#27;[0m&amp#27;[36mI am returned to the &amp#27;[0m&amp#27;[36m&amp#27;[1m"Leagues"&amp#27;[0m&amp#27;[36m page correctly&amp#27;[0m                                                     &amp#27;[90m# steps.LeaguesSteps.i_am_returned_to_the_page_correctly(java.lang.String)&amp#27;[0m
]]></system-out>
    <system-err><![CDATA[Dec. 20, 2023 7:23:17 P.M. io.appium.java_client.remote.AppiumCommandExecutor$1 lambda$0
INFO: Detected dialect: W3C
]]></system-err>
  </testcase>
  <testcase name="Navigate and verify league pages, interact with sub-tabs, and perform specific actions #2" classname="Enhanced Navigation and Verification of League Pages and Sub-Tabs" time="34.946">
    <system-out><![CDATA[
@leagues
Scenario Outline: Navigate and verify league pages, interact with sub-tabs, and perform specific actions &amp#27;[90m# src/test/resources/features/Leagues.feature:27&amp#27;[0m
App Launched
  &amp#27;[32mGiven &amp#27;[0m&amp#27;[32mI navigate to the &amp#27;[0m&amp#27;[32m&amp#27;[1m"Leagues"&amp#27;[0m&amp#27;[32m page&amp#27;[0m                                                                 &amp#27;[90m# steps.LeaguesSteps.i_navigate_to_the_page(java.lang.String)&amp#27;[0m
An error occurred while checking the spotlight element: Can't locate an element by this strategy: By.chained({By.xpath: //*[@text='Spotlight']})
  &amp#27;[32mWhen &amp#27;[0m&amp#27;[32mI check for the Spotlight Betting News&amp#27;[0m                                                            &amp#27;[90m# steps.LeaguesSteps.i_check_for_the_spotlight_betting_news()&amp#27;[0m
  &amp#27;[32mAnd &amp#27;[0m&amp#27;[32mI navigate to the &amp#27;[0m&amp#27;[32m&amp#27;[1m"NBA"&amp#27;[0m&amp#27;[32m new page&amp#27;[0m                                                                   &amp#27;[90m# steps.LeaguesSteps.i_navigate_to_the_new_page(java.lang.String)&amp#27;[0m
  &amp#27;[32mThen &amp#27;[0m&amp#27;[32mthe &amp#27;[0m&amp#27;[32m&amp#27;[1m"NBA"&amp#27;[0m&amp#27;[32m page is displayed correctly&amp#27;[0m                                                             &amp#27;[90m# steps.LeaguesSteps.the_page_is_displayed_correctly(java.lang.String)&amp#27;[0m
Navigating to the sub-tab: STANDINGS for league: NBA
  &amp#27;[32mWhen &amp#27;[0m&amp#27;[32mI tap on the &amp#27;[0m&amp#27;[32m&amp#27;[1m"STANDINGS"&amp#27;[0m&amp#27;[32m sub-tab for &amp#27;[0m&amp#27;[32m&amp#27;[1m"NBA"&amp#27;[0m                                                        &amp#27;[90m# steps.LeaguesSteps.i_tap_on_the_sub_tab_for(java.lang.String,java.lang.String)&amp#27;[0m
  &amp#27;[32mThen &amp#27;[0m&amp#27;[32mthe &amp#27;[0m&amp#27;[32m&amp#27;[1m"STANDINGS"&amp#27;[0m&amp#27;[32m sub-tab is displayed correctly with the relevant &amp#27;[0m&amp#27;[32m&amp#27;[1m"NBA"&amp#27;[0m&amp#27;[32m title&amp#27;[0m                      &amp#27;[90m# steps.LeaguesSteps.the_sub_tab_is_displayed_correctly_with_the_relevant_data(java.lang.String,java.lang.String)&amp#27;[0m
  &amp#27;[32mWhen &amp#27;[0m&amp#27;[32mI select the container element in &amp#27;[0m&amp#27;[32m&amp#27;[1m"STANDINGS"&amp#27;[0m                                                     &amp#27;[90m# steps.LeaguesSteps.i_select_the_container_element_in(java.lang.String)&amp#27;[0m
  &amp#27;[32mAnd &amp#27;[0m&amp#27;[32mI navigate to the &amp#27;[0m&amp#27;[32m&amp#27;[1m"STATS"&amp#27;[0m&amp#27;[32m tab&amp#27;[0m                                                                      &amp#27;[90m# steps.LeaguesSteps.i_navigate_to_the_tab(java.lang.String)&amp#27;[0m
  &amp#27;[32mThen &amp#27;[0m&amp#27;[32mthe &amp#27;[0m&amp#27;[32m&amp#27;[1m"STATS"&amp#27;[0m&amp#27;[32m tab is displayed correctly&amp#27;[0m                                                            &amp#27;[90m# steps.LeaguesSteps.the_tab_is_displayed_correctly(java.lang.String)&amp#27;[0m
  &amp#27;[32mWhen &amp#27;[0m&amp#27;[32mI initiate back navigation&amp#27;[0m                                                                        &amp#27;[90m# steps.LeaguesSteps.i_initiate_back_navigation()&amp#27;[0m
  &amp#27;[32mThen &amp#27;[0m&amp#27;[32mI am returned to the &amp#27;[0m&amp#27;[32m&amp#27;[1m"STANDINGS"&amp#27;[0m&amp#27;[32m sub-tab&amp#27;[0m                                                          &amp#27;[90m# steps.LeaguesSteps.i_am_returned_to_the_sub_tab(java.lang.String)&amp#27;[0m
  &amp#27;[32mWhen &amp#27;[0m&amp#27;[32mI initiate back navigation again&amp#27;[0m                                                                  &amp#27;[90m# steps.LeaguesSteps.i_initiate_back_navigation_again()&amp#27;[0m
  &amp#27;[32mThen &amp#27;[0m&amp#27;[32mI am returned to the &amp#27;[0m&amp#27;[32m&amp#27;[1m"Leagues"&amp#27;[0m&amp#27;[32m page correctly&amp#27;[0m                                                     &amp#27;[90m# steps.LeaguesSteps.i_am_returned_to_the_page_correctly(java.lang.String)&amp#27;[0m
]]></system-out>
    <system-err><![CDATA[Dec. 20, 2023 7:23:33 P.M. io.appium.java_client.remote.AppiumCommandExecutor$1 lambda$0
INFO: Detected dialect: W3C
]]></system-err>
  </testcase>
  <testcase name="Navigate and verify league pages, interact with sub-tabs, and perform specific actions #3" classname="Enhanced Navigation and Verification of League Pages and Sub-Tabs" time="31.69">
    <system-out><![CDATA[
@leagues
Scenario Outline: Navigate and verify league pages, interact with sub-tabs, and perform specific actions &amp#27;[90m# src/test/resources/features/Leagues.feature:28&amp#27;[0m
App Launched
  &amp#27;[32mGiven &amp#27;[0m&amp#27;[32mI navigate to the &amp#27;[0m&amp#27;[32m&amp#27;[1m"Leagues"&amp#27;[0m&amp#27;[32m page&amp#27;[0m                                                                 &amp#27;[90m# steps.LeaguesSteps.i_navigate_to_the_page(java.lang.String)&amp#27;[0m
An error occurred while checking the spotlight element: Can't locate an element by this strategy: By.chained({By.xpath: //*[@text='Spotlight']})
  &amp#27;[32mWhen &amp#27;[0m&amp#27;[32mI check for the Spotlight Betting News&amp#27;[0m                                                            &amp#27;[90m# steps.LeaguesSteps.i_check_for_the_spotlight_betting_news()&amp#27;[0m
  &amp#27;[32mAnd &amp#27;[0m&amp#27;[32mI navigate to the &amp#27;[0m&amp#27;[32m&amp#27;[1m"NBA"&amp#27;[0m&amp#27;[32m new page&amp#27;[0m                                                                   &amp#27;[90m# steps.LeaguesSteps.i_navigate_to_the_new_page(java.lang.String)&amp#27;[0m
  &amp#27;[32mThen &amp#27;[0m&amp#27;[32mthe &amp#27;[0m&amp#27;[32m&amp#27;[1m"NBA"&amp#27;[0m&amp#27;[32m page is displayed correctly&amp#27;[0m                                                             &amp#27;[90m# steps.LeaguesSteps.the_page_is_displayed_correctly(java.lang.String)&amp#27;[0m
Navigating to the sub-tab: LEADERS for league: NBA
  &amp#27;[32mWhen &amp#27;[0m&amp#27;[32mI tap on the &amp#27;[0m&amp#27;[32m&amp#27;[1m"LEADERS"&amp#27;[0m&amp#27;[32m sub-tab for &amp#27;[0m&amp#27;[32m&amp#27;[1m"NBA"&amp#27;[0m                                                          &amp#27;[90m# steps.LeaguesSteps.i_tap_on_the_sub_tab_for(java.lang.String,java.lang.String)&amp#27;[0m
  &amp#27;[32mThen &amp#27;[0m&amp#27;[32mthe &amp#27;[0m&amp#27;[32m&amp#27;[1m"LEADERS"&amp#27;[0m&amp#27;[32m sub-tab is displayed correctly with the relevant &amp#27;[0m&amp#27;[32m&amp#27;[1m"NBA"&amp#27;[0m&amp#27;[32m title&amp#27;[0m                        &amp#27;[90m# steps.LeaguesSteps.the_sub_tab_is_displayed_correctly_with_the_relevant_data(java.lang.String,java.lang.String)&amp#27;[0m
  &amp#27;[32mWhen &amp#27;[0m&amp#27;[32mI select the container element in &amp#27;[0m&amp#27;[32m&amp#27;[1m"LEADERS"&amp#27;[0m                                                       &amp#27;[90m# steps.LeaguesSteps.i_select_the_container_element_in(java.lang.String)&amp#27;[0m
  &amp#27;[32mAnd &amp#27;[0m&amp#27;[32mI navigate to the &amp#27;[0m&amp#27;[32m&amp#27;[1m"STATS"&amp#27;[0m&amp#27;[32m tab&amp#27;[0m                                                                      &amp#27;[90m# steps.LeaguesSteps.i_navigate_to_the_tab(java.lang.String)&amp#27;[0m
  &amp#27;[32mThen &amp#27;[0m&amp#27;[32mthe &amp#27;[0m&amp#27;[32m&amp#27;[1m"STATS"&amp#27;[0m&amp#27;[32m tab is displayed correctly&amp#27;[0m                                                            &amp#27;[90m# steps.LeaguesSteps.the_tab_is_displayed_correctly(java.lang.String)&amp#27;[0m
  &amp#27;[32mWhen &amp#27;[0m&amp#27;[32mI initiate back navigation&amp#27;[0m                                                                        &amp#27;[90m# steps.LeaguesSteps.i_initiate_back_navigation()&amp#27;[0m
  &amp#27;[32mThen &amp#27;[0m&amp#27;[32mI am returned to the &amp#27;[0m&amp#27;[32m&amp#27;[1m"LEADERS"&amp#27;[0m&amp#27;[32m sub-tab&amp#27;[0m                                                            &amp#27;[90m# steps.LeaguesSteps.i_am_returned_to_the_sub_tab(java.lang.String)&amp#27;[0m
  &amp#27;[32mWhen &amp#27;[0m&amp#27;[32mI initiate back navigation again&amp#27;[0m                                                                  &amp#27;[90m# steps.LeaguesSteps.i_initiate_back_navigation_again()&amp#27;[0m
  &amp#27;[32mThen &amp#27;[0m&amp#27;[32mI am returned to the &amp#27;[0m&amp#27;[32m&amp#27;[1m"Leagues"&amp#27;[0m&amp#27;[32m page correctly&amp#27;[0m                                                     &amp#27;[90m# steps.LeaguesSteps.i_am_returned_to_the_page_correctly(java.lang.String)&amp#27;[0m
]]></system-out>
    <system-err><![CDATA[Dec. 20, 2023 7:24:09 P.M. io.appium.java_client.remote.AppiumCommandExecutor$1 lambda$0
INFO: Detected dialect: W3C
]]></system-err>
  </testcase>
  <testcase name="Navigate and verify league pages, interact with sub-tabs, and perform specific actions #4" classname="Enhanced Navigation and Verification of League Pages and Sub-Tabs" time="30.392">
    <failure message="Stats tab is not found, navigating back." type="java.lang.AssertionError"><![CDATA[java.lang.AssertionError: Stats tab is not found, navigating back.
	at org.junit.Assert.fail(Assert.java:89)
	at steps.LeaguesSteps.the_tab_is_displayed_correctly(LeaguesSteps.java:114)
	at ✽.the "STATS" tab is displayed correctly(file:///C:/Users/alexe/IdeaProjects/theScore/src/test/resources/features/Leagues.feature:16)
]]></failure>
    <system-out><![CDATA[
@leagues
Scenario Outline: Navigate and verify league pages, interact with sub-tabs, and perform specific actions &amp#27;[90m# src/test/resources/features/Leagues.feature:29&amp#27;[0m
App Launched
  &amp#27;[32mGiven &amp#27;[0m&amp#27;[32mI navigate to the &amp#27;[0m&amp#27;[32m&amp#27;[1m"Leagues"&amp#27;[0m&amp#27;[32m page&amp#27;[0m                                                                 &amp#27;[90m# steps.LeaguesSteps.i_navigate_to_the_page(java.lang.String)&amp#27;[0m
An error occurred while checking the spotlight element: Can't locate an element by this strategy: By.chained({By.xpath: //*[@text='Spotlight']})
  &amp#27;[32mWhen &amp#27;[0m&amp#27;[32mI check for the Spotlight Betting News&amp#27;[0m                                                            &amp#27;[90m# steps.LeaguesSteps.i_check_for_the_spotlight_betting_news()&amp#27;[0m
  &amp#27;[32mAnd &amp#27;[0m&amp#27;[32mI navigate to the &amp#27;[0m&amp#27;[32m&amp#27;[1m"NHL"&amp#27;[0m&amp#27;[32m new page&amp#27;[0m                                                                   &amp#27;[90m# steps.LeaguesSteps.i_navigate_to_the_new_page(java.lang.String)&amp#27;[0m
  &amp#27;[32mThen &amp#27;[0m&amp#27;[32mthe &amp#27;[0m&amp#27;[32m&amp#27;[1m"NHL"&amp#27;[0m&amp#27;[32m page is displayed correctly&amp#27;[0m                                                             &amp#27;[90m# steps.LeaguesSteps.the_page_is_displayed_correctly(java.lang.String)&amp#27;[0m
Navigating to the sub-tab: SCORES for league: NHL
  &amp#27;[32mWhen &amp#27;[0m&amp#27;[32mI tap on the &amp#27;[0m&amp#27;[32m&amp#27;[1m"SCORES"&amp#27;[0m&amp#27;[32m sub-tab for &amp#27;[0m&amp#27;[32m&amp#27;[1m"NHL"&amp#27;[0m                                                           &amp#27;[90m# steps.LeaguesSteps.i_tap_on_the_sub_tab_for(java.lang.String,java.lang.String)&amp#27;[0m
  &amp#27;[32mThen &amp#27;[0m&amp#27;[32mthe &amp#27;[0m&amp#27;[32m&amp#27;[1m"SCORES"&amp#27;[0m&amp#27;[32m sub-tab is displayed correctly with the relevant &amp#27;[0m&amp#27;[32m&amp#27;[1m"NHL"&amp#27;[0m&amp#27;[32m title&amp#27;[0m                         &amp#27;[90m# steps.LeaguesSteps.the_sub_tab_is_displayed_correctly_with_the_relevant_data(java.lang.String,java.lang.String)&amp#27;[0m
  &amp#27;[32mWhen &amp#27;[0m&amp#27;[32mI select the container element in &amp#27;[0m&amp#27;[32m&amp#27;[1m"SCORES"&amp#27;[0m                                                        &amp#27;[90m# steps.LeaguesSteps.i_select_the_container_element_in(java.lang.String)&amp#27;[0m
  &amp#27;[32mAnd &amp#27;[0m&amp#27;[32mI navigate to the &amp#27;[0m&amp#27;[32m&amp#27;[1m"STATS"&amp#27;[0m&amp#27;[32m tab&amp#27;[0m                                                                      &amp#27;[90m# steps.LeaguesSteps.i_navigate_to_the_tab(java.lang.String)&amp#27;[0m
  &amp#27;[31mThen &amp#27;[0m&amp#27;[31mthe &amp#27;[0m&amp#27;[31m&amp#27;[1m"STATS"&amp#27;[0m&amp#27;[31m tab is displayed correctly&amp#27;[0m                                                            &amp#27;[90m# steps.LeaguesSteps.the_tab_is_displayed_correctly(java.lang.String)&amp#27;[0m
      &amp#27;[31mjava.lang.AssertionError: Stats tab is not found, navigating back.
	at org.junit.Assert.fail(Assert.java:89)
	at steps.LeaguesSteps.the_tab_is_displayed_correctly(LeaguesSteps.java:114)
	at âœ½.the "STATS" tab is displayed correctly(file:///C:/Users/alexe/IdeaProjects/theScore/src/test/resources/features/Leagues.feature:16)
&amp#27;[0m
  &amp#27;[36mWhen &amp#27;[0m&amp#27;[36mI initiate back navigation&amp#27;[0m                                                                        &amp#27;[90m# steps.LeaguesSteps.i_initiate_back_navigation()&amp#27;[0m
  &amp#27;[36mThen &amp#27;[0m&amp#27;[36mI am returned to the &amp#27;[0m&amp#27;[36m&amp#27;[1m"SCORES"&amp#27;[0m&amp#27;[36m sub-tab&amp#27;[0m                                                             &amp#27;[90m# steps.LeaguesSteps.i_am_returned_to_the_sub_tab(java.lang.String)&amp#27;[0m
  &amp#27;[36mWhen &amp#27;[0m&amp#27;[36mI initiate back navigation again&amp#27;[0m                                                                  &amp#27;[90m# steps.LeaguesSteps.i_initiate_back_navigation_again()&amp#27;[0m
  &amp#27;[36mThen &amp#27;[0m&amp#27;[36mI am returned to the &amp#27;[0m&amp#27;[36m&amp#27;[1m"Leagues"&amp#27;[0m&amp#27;[36m page correctly&amp#27;[0m                                                     &amp#27;[90m# steps.LeaguesSteps.i_am_returned_to_the_page_correctly(java.lang.String)&amp#27;[0m
]]></system-out>
    <system-err><![CDATA[Dec. 20, 2023 7:24:40 P.M. io.appium.java_client.remote.AppiumCommandExecutor$1 lambda$0
INFO: Detected dialect: W3C
]]></system-err>
  </testcase>
  <testcase name="Navigate and verify league pages, interact with sub-tabs, and perform specific actions #5" classname="Enhanced Navigation and Verification of League Pages and Sub-Tabs" time="32.128">
    <system-out><![CDATA[
@leagues
Scenario Outline: Navigate and verify league pages, interact with sub-tabs, and perform specific actions &amp#27;[90m# src/test/resources/features/Leagues.feature:30&amp#27;[0m
App Launched
  &amp#27;[32mGiven &amp#27;[0m&amp#27;[32mI navigate to the &amp#27;[0m&amp#27;[32m&amp#27;[1m"Leagues"&amp#27;[0m&amp#27;[32m page&amp#27;[0m                                                                 &amp#27;[90m# steps.LeaguesSteps.i_navigate_to_the_page(java.lang.String)&amp#27;[0m
An error occurred while checking the spotlight element: Can't locate an element by this strategy: By.chained({By.xpath: //*[@text='Spotlight']})
  &amp#27;[32mWhen &amp#27;[0m&amp#27;[32mI check for the Spotlight Betting News&amp#27;[0m                                                            &amp#27;[90m# steps.LeaguesSteps.i_check_for_the_spotlight_betting_news()&amp#27;[0m
  &amp#27;[32mAnd &amp#27;[0m&amp#27;[32mI navigate to the &amp#27;[0m&amp#27;[32m&amp#27;[1m"NHL"&amp#27;[0m&amp#27;[32m new page&amp#27;[0m                                                                   &amp#27;[90m# steps.LeaguesSteps.i_navigate_to_the_new_page(java.lang.String)&amp#27;[0m
  &amp#27;[32mThen &amp#27;[0m&amp#27;[32mthe &amp#27;[0m&amp#27;[32m&amp#27;[1m"NHL"&amp#27;[0m&amp#27;[32m page is displayed correctly&amp#27;[0m                                                             &amp#27;[90m# steps.LeaguesSteps.the_page_is_displayed_correctly(java.lang.String)&amp#27;[0m
Navigating to the sub-tab: STANDINGS for league: NHL
  &amp#27;[32mWhen &amp#27;[0m&amp#27;[32mI tap on the &amp#27;[0m&amp#27;[32m&amp#27;[1m"STANDINGS"&amp#27;[0m&amp#27;[32m sub-tab for &amp#27;[0m&amp#27;[32m&amp#27;[1m"NHL"&amp#27;[0m                                                        &amp#27;[90m# steps.LeaguesSteps.i_tap_on_the_sub_tab_for(java.lang.String,java.lang.String)&amp#27;[0m
  &amp#27;[32mThen &amp#27;[0m&amp#27;[32mthe &amp#27;[0m&amp#27;[32m&amp#27;[1m"STANDINGS"&amp#27;[0m&amp#27;[32m sub-tab is displayed correctly with the relevant &amp#27;[0m&amp#27;[32m&amp#27;[1m"NHL"&amp#27;[0m&amp#27;[32m title&amp#27;[0m                      &amp#27;[90m# steps.LeaguesSteps.the_sub_tab_is_displayed_correctly_with_the_relevant_data(java.lang.String,java.lang.String)&amp#27;[0m
  &amp#27;[32mWhen &amp#27;[0m&amp#27;[32mI select the container element in &amp#27;[0m&amp#27;[32m&amp#27;[1m"STANDINGS"&amp#27;[0m                                                     &amp#27;[90m# steps.LeaguesSteps.i_select_the_container_element_in(java.lang.String)&amp#27;[0m
  &amp#27;[32mAnd &amp#27;[0m&amp#27;[32mI navigate to the &amp#27;[0m&amp#27;[32m&amp#27;[1m"STATS"&amp#27;[0m&amp#27;[32m tab&amp#27;[0m                                                                      &amp#27;[90m# steps.LeaguesSteps.i_navigate_to_the_tab(java.lang.String)&amp#27;[0m
  &amp#27;[32mThen &amp#27;[0m&amp#27;[32mthe &amp#27;[0m&amp#27;[32m&amp#27;[1m"STATS"&amp#27;[0m&amp#27;[32m tab is displayed correctly&amp#27;[0m                                                            &amp#27;[90m# steps.LeaguesSteps.the_tab_is_displayed_correctly(java.lang.String)&amp#27;[0m
  &amp#27;[32mWhen &amp#27;[0m&amp#27;[32mI initiate back navigation&amp#27;[0m                                                                        &amp#27;[90m# steps.LeaguesSteps.i_initiate_back_navigation()&amp#27;[0m
  &amp#27;[32mThen &amp#27;[0m&amp#27;[32mI am returned to the &amp#27;[0m&amp#27;[32m&amp#27;[1m"STANDINGS"&amp#27;[0m&amp#27;[32m sub-tab&amp#27;[0m                                                          &amp#27;[90m# steps.LeaguesSteps.i_am_returned_to_the_sub_tab(java.lang.String)&amp#27;[0m
  &amp#27;[32mWhen &amp#27;[0m&amp#27;[32mI initiate back navigation again&amp#27;[0m                                                                  &amp#27;[90m# steps.LeaguesSteps.i_initiate_back_navigation_again()&amp#27;[0m
  &amp#27;[32mThen &amp#27;[0m&amp#27;[32mI am returned to the &amp#27;[0m&amp#27;[32m&amp#27;[1m"Leagues"&amp#27;[0m&amp#27;[32m page correctly&amp#27;[0m                                                     &amp#27;[90m# steps.LeaguesSteps.i_am_returned_to_the_page_correctly(java.lang.String)&amp#27;[0m
]]></system-out>
    <system-err><![CDATA[Dec. 20, 2023 7:25:11 P.M. io.appium.java_client.remote.AppiumCommandExecutor$1 lambda$0
INFO: Detected dialect: W3C
]]></system-err>
  </testcase>
  <testcase name="Navigate and verify league pages, interact with sub-tabs, and perform specific actions #6" classname="Enhanced Navigation and Verification of League Pages and Sub-Tabs" time="33.25">
    <system-out><![CDATA[
@leagues
Scenario Outline: Navigate and verify league pages, interact with sub-tabs, and perform specific actions &amp#27;[90m# src/test/resources/features/Leagues.feature:31&amp#27;[0m
App Launched
  &amp#27;[32mGiven &amp#27;[0m&amp#27;[32mI navigate to the &amp#27;[0m&amp#27;[32m&amp#27;[1m"Leagues"&amp#27;[0m&amp#27;[32m page&amp#27;[0m                                                                 &amp#27;[90m# steps.LeaguesSteps.i_navigate_to_the_page(java.lang.String)&amp#27;[0m
An error occurred while checking the spotlight element: Can't locate an element by this strategy: By.chained({By.xpath: //*[@text='Spotlight']})
  &amp#27;[32mWhen &amp#27;[0m&amp#27;[32mI check for the Spotlight Betting News&amp#27;[0m                                                            &amp#27;[90m# steps.LeaguesSteps.i_check_for_the_spotlight_betting_news()&amp#27;[0m
  &amp#27;[32mAnd &amp#27;[0m&amp#27;[32mI navigate to the &amp#27;[0m&amp#27;[32m&amp#27;[1m"NHL"&amp#27;[0m&amp#27;[32m new page&amp#27;[0m                                                                   &amp#27;[90m# steps.LeaguesSteps.i_navigate_to_the_new_page(java.lang.String)&amp#27;[0m
  &amp#27;[32mThen &amp#27;[0m&amp#27;[32mthe &amp#27;[0m&amp#27;[32m&amp#27;[1m"NHL"&amp#27;[0m&amp#27;[32m page is displayed correctly&amp#27;[0m                                                             &amp#27;[90m# steps.LeaguesSteps.the_page_is_displayed_correctly(java.lang.String)&amp#27;[0m
Navigating to the sub-tab: LEADERS for league: NHL
  &amp#27;[32mWhen &amp#27;[0m&amp#27;[32mI tap on the &amp#27;[0m&amp#27;[32m&amp#27;[1m"LEADERS"&amp#27;[0m&amp#27;[32m sub-tab for &amp#27;[0m&amp#27;[32m&amp#27;[1m"NHL"&amp#27;[0m                                                          &amp#27;[90m# steps.LeaguesSteps.i_tap_on_the_sub_tab_for(java.lang.String,java.lang.String)&amp#27;[0m
  &amp#27;[32mThen &amp#27;[0m&amp#27;[32mthe &amp#27;[0m&amp#27;[32m&amp#27;[1m"LEADERS"&amp#27;[0m&amp#27;[32m sub-tab is displayed correctly with the relevant &amp#27;[0m&amp#27;[32m&amp#27;[1m"NHL"&amp#27;[0m&amp#27;[32m title&amp#27;[0m                        &amp#27;[90m# steps.LeaguesSteps.the_sub_tab_is_displayed_correctly_with_the_relevant_data(java.lang.String,java.lang.String)&amp#27;[0m
  &amp#27;[32mWhen &amp#27;[0m&amp#27;[32mI select the container element in &amp#27;[0m&amp#27;[32m&amp#27;[1m"LEADERS"&amp#27;[0m                                                       &amp#27;[90m# steps.LeaguesSteps.i_select_the_container_element_in(java.lang.String)&amp#27;[0m
  &amp#27;[32mAnd &amp#27;[0m&amp#27;[32mI navigate to the &amp#27;[0m&amp#27;[32m&amp#27;[1m"STATS"&amp#27;[0m&amp#27;[32m tab&amp#27;[0m                                                                      &amp#27;[90m# steps.LeaguesSteps.i_navigate_to_the_tab(java.lang.String)&amp#27;[0m
  &amp#27;[32mThen &amp#27;[0m&amp#27;[32mthe &amp#27;[0m&amp#27;[32m&amp#27;[1m"STATS"&amp#27;[0m&amp#27;[32m tab is displayed correctly&amp#27;[0m                                                            &amp#27;[90m# steps.LeaguesSteps.the_tab_is_displayed_correctly(java.lang.String)&amp#27;[0m
  &amp#27;[32mWhen &amp#27;[0m&amp#27;[32mI initiate back navigation&amp#27;[0m                                                                        &amp#27;[90m# steps.LeaguesSteps.i_initiate_back_navigation()&amp#27;[0m
  &amp#27;[32mThen &amp#27;[0m&amp#27;[32mI am returned to the &amp#27;[0m&amp#27;[32m&amp#27;[1m"LEADERS"&amp#27;[0m&amp#27;[32m sub-tab&amp#27;[0m                                                            &amp#27;[90m# steps.LeaguesSteps.i_am_returned_to_the_sub_tab(java.lang.String)&amp#27;[0m
  &amp#27;[32mWhen &amp#27;[0m&amp#27;[32mI initiate back navigation again&amp#27;[0m                                                                  &amp#27;[90m# steps.LeaguesSteps.i_initiate_back_navigation_again()&amp#27;[0m
  &amp#27;[32mThen &amp#27;[0m&amp#27;[32mI am returned to the &amp#27;[0m&amp#27;[32m&amp#27;[1m"Leagues"&amp#27;[0m&amp#27;[32m page correctly&amp#27;[0m                                                     &amp#27;[90m# steps.LeaguesSteps.i_am_returned_to_the_page_correctly(java.lang.String)&amp#27;[0m
]]></system-out>
    <system-err><![CDATA[Dec. 20, 2023 7:25:43 P.M. io.appium.java_client.remote.AppiumCommandExecutor$1 lambda$0
INFO: Detected dialect: W3C
]]></system-err>
  </testcase>
</testsuite>